::1 - - [Fri, 06 Jan 2017 21:44:44 GMT] "GET / HTTP/1.1" 200 2184 "-" "Mozilla/5.0 (Windows NT 10.0; WOW64) AppleWebKit/537.36 (KHTML, like Gecko) Chrome/54.0.2840.99 Safari/537.36"
::1 - - [Fri, 06 Jan 2017 21:44:44 GMT] "GET /img/logo.png HTTP/1.1" 304 - "http://localhost:3000/" "Mozilla/5.0 (Windows NT 10.0; WOW64) AppleWebKit/537.36 (KHTML, like Gecko) Chrome/54.0.2840.99 Safari/537.36"
::1 - - [Fri, 06 Jan 2017 21:44:52 GMT] "GET /vacations HTTP/1.1" 200 1805 "http://localhost:3000/" "Mozilla/5.0 (Windows NT 10.0; WOW64) AppleWebKit/537.36 (KHTML, like Gecko) Chrome/54.0.2840.99 Safari/537.36"
::1 - - [Fri, 06 Jan 2017 21:44:52 GMT] "GET /img/logo.png HTTP/1.1" 304 - "http://localhost:3000/vacations" "Mozilla/5.0 (Windows NT 10.0; WOW64) AppleWebKit/537.36 (KHTML, like Gecko) Chrome/54.0.2840.99 Safari/537.36"
::1 - - [Fri, 06 Jan 2017 21:45:08 GMT] "GET /cart/add?sku=HR199 HTTP/1.1" 404 1143 "http://localhost:3000/vacations" "Mozilla/5.0 (Windows NT 10.0; WOW64) AppleWebKit/537.36 (KHTML, like Gecko) Chrome/54.0.2840.99 Safari/537.36"
::1 - - [Fri, 06 Jan 2017 21:45:08 GMT] "GET /img/logo.png HTTP/1.1" 304 - "http://localhost:3000/cart/add?sku=HR199" "Mozilla/5.0 (Windows NT 10.0; WOW64) AppleWebKit/537.36 (KHTML, like Gecko) Chrome/54.0.2840.99 Safari/537.36"
::1 - - [Fri, 06 Jan 2017 21:45:29 GMT] "GET /vacations HTTP/1.1" 304 - "-" "Mozilla/5.0 (Windows NT 10.0; WOW64) AppleWebKit/537.36 (KHTML, like Gecko) Chrome/54.0.2840.99 Safari/537.36"
::1 - - [Fri, 06 Jan 2017 21:45:29 GMT] "GET /img/logo.png HTTP/1.1" 304 - "http://localhost:3000/vacations" "Mozilla/5.0 (Windows NT 10.0; WOW64) AppleWebKit/537.36 (KHTML, like Gecko) Chrome/54.0.2840.99 Safari/537.36"
::1 - - [Fri, 06 Jan 2017 22:06:13 GMT] "GET / HTTP/1.1" 304 - "-" "Mozilla/5.0 (Windows NT 10.0; WOW64) AppleWebKit/537.36 (KHTML, like Gecko) Chrome/54.0.2840.99 Safari/537.36"
::1 - - [Fri, 06 Jan 2017 22:06:13 GMT] "GET /img/logo.png HTTP/1.1" 304 - "http://localhost:3000/" "Mozilla/5.0 (Windows NT 10.0; WOW64) AppleWebKit/537.36 (KHTML, like Gecko) Chrome/54.0.2840.99 Safari/537.36"
::1 - - [Fri, 06 Jan 2017 22:06:27 GMT] "GET / HTTP/1.1" 304 - "-" "Mozilla/5.0 (Windows NT 10.0; WOW64) AppleWebKit/537.36 (KHTML, like Gecko) Chrome/54.0.2840.99 Safari/537.36"
::1 - - [Fri, 06 Jan 2017 22:06:27 GMT] "GET /img/logo.png HTTP/1.1" 304 - "http://localhost:3000/" "Mozilla/5.0 (Windows NT 10.0; WOW64) AppleWebKit/537.36 (KHTML, like Gecko) Chrome/54.0.2840.99 Safari/537.36"
::1 - - [Fri, 06 Jan 2017 22:06:43 GMT] "GET / HTTP/1.1" 200 2183 "-" "Mozilla/5.0 (Windows NT 10.0; WOW64) AppleWebKit/537.36 (KHTML, like Gecko) Chrome/54.0.2840.99 Safari/537.36"
::1 - - [Fri, 06 Jan 2017 22:06:43 GMT] "GET /img/logo.png HTTP/1.1" 304 - "http://localhost:3000/" "Mozilla/5.0 (Windows NT 10.0; WOW64) AppleWebKit/537.36 (KHTML, like Gecko) Chrome/54.0.2840.99 Safari/537.36"
::1 - - [Fri, 06 Jan 2017 22:06:45 GMT] "GET /vacations HTTP/1.1" 304 - "http://localhost:3000/" "Mozilla/5.0 (Windows NT 10.0; WOW64) AppleWebKit/537.36 (KHTML, like Gecko) Chrome/54.0.2840.99 Safari/537.36"
::1 - - [Fri, 06 Jan 2017 22:06:45 GMT] "GET /img/logo.png HTTP/1.1" 304 - "http://localhost:3000/vacations" "Mozilla/5.0 (Windows NT 10.0; WOW64) AppleWebKit/537.36 (KHTML, like Gecko) Chrome/54.0.2840.99 Safari/537.36"
::1 - - [Fri, 06 Jan 2017 22:06:50 GMT] "GET /notify-me-when-in-season?sku=OC39 HTTP/1.1" 404 1143 "http://localhost:3000/vacations" "Mozilla/5.0 (Windows NT 10.0; WOW64) AppleWebKit/537.36 (KHTML, like Gecko) Chrome/54.0.2840.99 Safari/537.36"
::1 - - [Fri, 06 Jan 2017 22:06:50 GMT] "GET /img/logo.png HTTP/1.1" 304 - "http://localhost:3000/notify-me-when-in-season?sku=OC39" "Mozilla/5.0 (Windows NT 10.0; WOW64) AppleWebKit/537.36 (KHTML, like Gecko) Chrome/54.0.2840.99 Safari/537.36"
::1 - - [Sat, 07 Jan 2017 16:35:00 GMT] "GET / HTTP/1.1" 304 - "-" "Mozilla/5.0 (Windows NT 10.0; WOW64) AppleWebKit/537.36 (KHTML, like Gecko) Chrome/54.0.2840.99 Safari/537.36"
::1 - - [Sat, 07 Jan 2017 16:35:00 GMT] "GET /img/logo.png HTTP/1.1" 304 - "http://localhost:3000/" "Mozilla/5.0 (Windows NT 10.0; WOW64) AppleWebKit/537.36 (KHTML, like Gecko) Chrome/54.0.2840.99 Safari/537.36"
::1 - - [Sat, 07 Jan 2017 16:35:05 GMT] "GET /vacations HTTP/1.1" 304 - "http://localhost:3000/" "Mozilla/5.0 (Windows NT 10.0; WOW64) AppleWebKit/537.36 (KHTML, like Gecko) Chrome/54.0.2840.99 Safari/537.36"
::1 - - [Sat, 07 Jan 2017 16:35:05 GMT] "GET /img/logo.png HTTP/1.1" 304 - "http://localhost:3000/vacations" "Mozilla/5.0 (Windows NT 10.0; WOW64) AppleWebKit/537.36 (KHTML, like Gecko) Chrome/54.0.2840.99 Safari/537.36"
::1 - - [Sat, 07 Jan 2017 16:35:08 GMT] "GET /notify-me-when-in-season?sku=OC39 HTTP/1.1" 500 1146 "http://localhost:3000/vacations" "Mozilla/5.0 (Windows NT 10.0; WOW64) AppleWebKit/537.36 (KHTML, like Gecko) Chrome/54.0.2840.99 Safari/537.36"
::1 - - [Sat, 07 Jan 2017 16:35:08 GMT] "GET /img/logo.png HTTP/1.1" 304 - "http://localhost:3000/notify-me-when-in-season?sku=OC39" "Mozilla/5.0 (Windows NT 10.0; WOW64) AppleWebKit/537.36 (KHTML, like Gecko) Chrome/54.0.2840.99 Safari/537.36"
::1 - - [Sat, 07 Jan 2017 16:37:22 GMT] "GET / HTTP/1.1" 304 - "-" "Mozilla/5.0 (Windows NT 10.0; WOW64) AppleWebKit/537.36 (KHTML, like Gecko) Chrome/54.0.2840.99 Safari/537.36"
::1 - - [Sat, 07 Jan 2017 16:37:22 GMT] "GET /img/logo.png HTTP/1.1" 304 - "http://localhost:3000/" "Mozilla/5.0 (Windows NT 10.0; WOW64) AppleWebKit/537.36 (KHTML, like Gecko) Chrome/54.0.2840.99 Safari/537.36"
::1 - - [Sat, 07 Jan 2017 16:37:25 GMT] "GET /vacations HTTP/1.1" 304 - "http://localhost:3000/" "Mozilla/5.0 (Windows NT 10.0; WOW64) AppleWebKit/537.36 (KHTML, like Gecko) Chrome/54.0.2840.99 Safari/537.36"
::1 - - [Sat, 07 Jan 2017 16:37:25 GMT] "GET /img/logo.png HTTP/1.1" 304 - "http://localhost:3000/vacations" "Mozilla/5.0 (Windows NT 10.0; WOW64) AppleWebKit/537.36 (KHTML, like Gecko) Chrome/54.0.2840.99 Safari/537.36"
::1 - - [Sat, 07 Jan 2017 16:37:26 GMT] "GET /notify-me-when-in-season?sku=OC39 HTTP/1.1" 200 1841 "http://localhost:3000/vacations" "Mozilla/5.0 (Windows NT 10.0; WOW64) AppleWebKit/537.36 (KHTML, like Gecko) Chrome/54.0.2840.99 Safari/537.36"
::1 - - [Sat, 07 Jan 2017 16:37:26 GMT] "GET /img/logo.png HTTP/1.1" 304 - "http://localhost:3000/notify-me-when-in-season?sku=OC39" "Mozilla/5.0 (Windows NT 10.0; WOW64) AppleWebKit/537.36 (KHTML, like Gecko) Chrome/54.0.2840.99 Safari/537.36"
::1 - - [Sat, 07 Jan 2017 16:37:31 GMT] "POST /notify-me-when-in-season HTTP/1.1" 303 68 "http://localhost:3000/notify-me-when-in-season?sku=OC39" "Mozilla/5.0 (Windows NT 10.0; WOW64) AppleWebKit/537.36 (KHTML, like Gecko) Chrome/54.0.2840.99 Safari/537.36"
::1 - - [Sat, 07 Jan 2017 16:37:32 GMT] "GET /vacations HTTP/1.1" 200 2069 "http://localhost:3000/notify-me-when-in-season?sku=OC39" "Mozilla/5.0 (Windows NT 10.0; WOW64) AppleWebKit/537.36 (KHTML, like Gecko) Chrome/54.0.2840.99 Safari/537.36"
::1 - - [Sat, 07 Jan 2017 16:37:32 GMT] "GET /img/logo.png HTTP/1.1" 304 - "http://localhost:3000/vacations" "Mozilla/5.0 (Windows NT 10.0; WOW64) AppleWebKit/537.36 (KHTML, like Gecko) Chrome/54.0.2840.99 Safari/537.36"
::1 - - [Sat, 07 Jan 2017 17:12:58 GMT] "GET /notify-me-when-in-season?sku=OC39 HTTP/1.1" 304 - "http://localhost:3000/vacations" "Mozilla/5.0 (Windows NT 10.0; WOW64) AppleWebKit/537.36 (KHTML, like Gecko) Chrome/54.0.2840.99 Safari/537.36"
::1 - - [Sat, 07 Jan 2017 17:12:58 GMT] "GET /img/logo.png HTTP/1.1" 304 - "http://localhost:3000/notify-me-when-in-season?sku=OC39" "Mozilla/5.0 (Windows NT 10.0; WOW64) AppleWebKit/537.36 (KHTML, like Gecko) Chrome/54.0.2840.99 Safari/537.36"
::1 - - [Sat, 07 Jan 2017 17:13:07 GMT] "POST /notify-me-when-in-season HTTP/1.1" 303 68 "http://localhost:3000/notify-me-when-in-season?sku=OC39" "Mozilla/5.0 (Windows NT 10.0; WOW64) AppleWebKit/537.36 (KHTML, like Gecko) Chrome/54.0.2840.99 Safari/537.36"
::1 - - [Sat, 07 Jan 2017 17:13:07 GMT] "GET /vacations HTTP/1.1" 304 - "http://localhost:3000/notify-me-when-in-season?sku=OC39" "Mozilla/5.0 (Windows NT 10.0; WOW64) AppleWebKit/537.36 (KHTML, like Gecko) Chrome/54.0.2840.99 Safari/537.36"
::1 - - [Sat, 07 Jan 2017 17:13:07 GMT] "GET /img/logo.png HTTP/1.1" 304 - "http://localhost:3000/vacations" "Mozilla/5.0 (Windows NT 10.0; WOW64) AppleWebKit/537.36 (KHTML, like Gecko) Chrome/54.0.2840.99 Safari/537.36"
::1 - - [Sat, 07 Jan 2017 19:41:07 GMT] "GET / HTTP/1.1" 200 2244 "-" "Mozilla/5.0 (Windows NT 10.0; WOW64) AppleWebKit/537.36 (KHTML, like Gecko) Chrome/54.0.2840.99 Safari/537.36"
::1 - - [Sat, 07 Jan 2017 19:41:07 GMT] "GET /img/logo.png HTTP/1.1" 304 - "http://localhost:3000/" "Mozilla/5.0 (Windows NT 10.0; WOW64) AppleWebKit/537.36 (KHTML, like Gecko) Chrome/54.0.2840.99 Safari/537.36"
::1 - - [Sat, 07 Jan 2017 19:41:07 GMT] "GET /public/css/main.css HTTP/1.1" 404 1204 "http://localhost:3000/" "Mozilla/5.0 (Windows NT 10.0; WOW64) AppleWebKit/537.36 (KHTML, like Gecko) Chrome/54.0.2840.99 Safari/537.36"
::1 - - [Sat, 07 Jan 2017 19:41:09 GMT] "GET /vacations HTTP/1.1" 200 2074 "http://localhost:3000/" "Mozilla/5.0 (Windows NT 10.0; WOW64) AppleWebKit/537.36 (KHTML, like Gecko) Chrome/54.0.2840.99 Safari/537.36"
::1 - - [Sat, 07 Jan 2017 19:41:09 GMT] "GET /img/logo.png HTTP/1.1" 304 - "http://localhost:3000/vacations" "Mozilla/5.0 (Windows NT 10.0; WOW64) AppleWebKit/537.36 (KHTML, like Gecko) Chrome/54.0.2840.99 Safari/537.36"
::1 - - [Sat, 07 Jan 2017 19:41:09 GMT] "GET /public/css/main.css HTTP/1.1" 404 1204 "http://localhost:3000/vacations" "Mozilla/5.0 (Windows NT 10.0; WOW64) AppleWebKit/537.36 (KHTML, like Gecko) Chrome/54.0.2840.99 Safari/537.36"
::1 - - [Sat, 07 Jan 2017 19:41:22 GMT] "GET /set-currency/GBP HTTP/1.1" 303 68 "http://localhost:3000/vacations" "Mozilla/5.0 (Windows NT 10.0; WOW64) AppleWebKit/537.36 (KHTML, like Gecko) Chrome/54.0.2840.99 Safari/537.36"
::1 - - [Sat, 07 Jan 2017 19:41:23 GMT] "GET /vacations HTTP/1.1" 200 2074 "http://localhost:3000/vacations" "Mozilla/5.0 (Windows NT 10.0; WOW64) AppleWebKit/537.36 (KHTML, like Gecko) Chrome/54.0.2840.99 Safari/537.36"
::1 - - [Sat, 07 Jan 2017 19:41:23 GMT] "GET /img/logo.png HTTP/1.1" 304 - "http://localhost:3000/vacations" "Mozilla/5.0 (Windows NT 10.0; WOW64) AppleWebKit/537.36 (KHTML, like Gecko) Chrome/54.0.2840.99 Safari/537.36"
::1 - - [Sat, 07 Jan 2017 19:41:23 GMT] "GET /public/css/main.css HTTP/1.1" 404 1204 "http://localhost:3000/vacations" "Mozilla/5.0 (Windows NT 10.0; WOW64) AppleWebKit/537.36 (KHTML, like Gecko) Chrome/54.0.2840.99 Safari/537.36"
::1 - - [Sat, 07 Jan 2017 19:41:27 GMT] "GET /cart/add?sku=HR199 HTTP/1.1" 404 1204 "http://localhost:3000/vacations" "Mozilla/5.0 (Windows NT 10.0; WOW64) AppleWebKit/537.36 (KHTML, like Gecko) Chrome/54.0.2840.99 Safari/537.36"
::1 - - [Sat, 07 Jan 2017 19:41:27 GMT] "GET /img/logo.png HTTP/1.1" 304 - "http://localhost:3000/cart/add?sku=HR199" "Mozilla/5.0 (Windows NT 10.0; WOW64) AppleWebKit/537.36 (KHTML, like Gecko) Chrome/54.0.2840.99 Safari/537.36"
::1 - - [Sat, 07 Jan 2017 19:41:27 GMT] "GET /public/css/main.css HTTP/1.1" 404 1204 "http://localhost:3000/cart/add?sku=HR199" "Mozilla/5.0 (Windows NT 10.0; WOW64) AppleWebKit/537.36 (KHTML, like Gecko) Chrome/54.0.2840.99 Safari/537.36"
::1 - - [Sat, 07 Jan 2017 19:41:30 GMT] "GET /set-currency/GBP HTTP/1.1" 303 68 "http://localhost:3000/vacations" "Mozilla/5.0 (Windows NT 10.0; WOW64) AppleWebKit/537.36 (KHTML, like Gecko) Chrome/54.0.2840.99 Safari/537.36"
::1 - - [Sat, 07 Jan 2017 19:41:30 GMT] "GET /vacations HTTP/1.1" 304 - "http://localhost:3000/vacations" "Mozilla/5.0 (Windows NT 10.0; WOW64) AppleWebKit/537.36 (KHTML, like Gecko) Chrome/54.0.2840.99 Safari/537.36"
::1 - - [Sat, 07 Jan 2017 19:41:30 GMT] "GET /img/logo.png HTTP/1.1" 304 - "http://localhost:3000/vacations" "Mozilla/5.0 (Windows NT 10.0; WOW64) AppleWebKit/537.36 (KHTML, like Gecko) Chrome/54.0.2840.99 Safari/537.36"
::1 - - [Sat, 07 Jan 2017 19:41:31 GMT] "GET /public/css/main.css HTTP/1.1" 404 1204 "http://localhost:3000/vacations" "Mozilla/5.0 (Windows NT 10.0; WOW64) AppleWebKit/537.36 (KHTML, like Gecko) Chrome/54.0.2840.99 Safari/537.36"
::1 - - [Sat, 07 Jan 2017 19:41:32 GMT] "GET /set-currency/USD HTTP/1.1" 303 68 "http://localhost:3000/vacations" "Mozilla/5.0 (Windows NT 10.0; WOW64) AppleWebKit/537.36 (KHTML, like Gecko) Chrome/54.0.2840.99 Safari/537.36"
::1 - - [Sat, 07 Jan 2017 19:41:32 GMT] "GET /vacations HTTP/1.1" 200 2074 "http://localhost:3000/vacations" "Mozilla/5.0 (Windows NT 10.0; WOW64) AppleWebKit/537.36 (KHTML, like Gecko) Chrome/54.0.2840.99 Safari/537.36"
::1 - - [Sat, 07 Jan 2017 19:41:32 GMT] "GET /img/logo.png HTTP/1.1" 304 - "http://localhost:3000/vacations" "Mozilla/5.0 (Windows NT 10.0; WOW64) AppleWebKit/537.36 (KHTML, like Gecko) Chrome/54.0.2840.99 Safari/537.36"
::1 - - [Sat, 07 Jan 2017 19:41:32 GMT] "GET /public/css/main.css HTTP/1.1" 404 1204 "http://localhost:3000/vacations" "Mozilla/5.0 (Windows NT 10.0; WOW64) AppleWebKit/537.36 (KHTML, like Gecko) Chrome/54.0.2840.99 Safari/537.36"
::1 - - [Sat, 07 Jan 2017 19:41:34 GMT] "GET /set-currency/GBP HTTP/1.1" 303 68 "http://localhost:3000/vacations" "Mozilla/5.0 (Windows NT 10.0; WOW64) AppleWebKit/537.36 (KHTML, like Gecko) Chrome/54.0.2840.99 Safari/537.36"
::1 - - [Sat, 07 Jan 2017 19:41:34 GMT] "GET /vacations HTTP/1.1" 200 2074 "http://localhost:3000/vacations" "Mozilla/5.0 (Windows NT 10.0; WOW64) AppleWebKit/537.36 (KHTML, like Gecko) Chrome/54.0.2840.99 Safari/537.36"
::1 - - [Sat, 07 Jan 2017 19:41:34 GMT] "GET /img/logo.png HTTP/1.1" 304 - "http://localhost:3000/vacations" "Mozilla/5.0 (Windows NT 10.0; WOW64) AppleWebKit/537.36 (KHTML, like Gecko) Chrome/54.0.2840.99 Safari/537.36"
::1 - - [Sat, 07 Jan 2017 19:41:34 GMT] "GET /public/css/main.css HTTP/1.1" 404 1204 "http://localhost:3000/vacations" "Mozilla/5.0 (Windows NT 10.0; WOW64) AppleWebKit/537.36 (KHTML, like Gecko) Chrome/54.0.2840.99 Safari/537.36"
::1 - - [Sat, 07 Jan 2017 19:41:35 GMT] "GET /set-currency/BTC HTTP/1.1" 303 68 "http://localhost:3000/vacations" "Mozilla/5.0 (Windows NT 10.0; WOW64) AppleWebKit/537.36 (KHTML, like Gecko) Chrome/54.0.2840.99 Safari/537.36"
::1 - - [Sat, 07 Jan 2017 19:41:35 GMT] "GET /vacations HTTP/1.1" 200 2088 "http://localhost:3000/vacations" "Mozilla/5.0 (Windows NT 10.0; WOW64) AppleWebKit/537.36 (KHTML, like Gecko) Chrome/54.0.2840.99 Safari/537.36"
::1 - - [Sat, 07 Jan 2017 19:41:35 GMT] "GET /img/logo.png HTTP/1.1" 304 - "http://localhost:3000/vacations" "Mozilla/5.0 (Windows NT 10.0; WOW64) AppleWebKit/537.36 (KHTML, like Gecko) Chrome/54.0.2840.99 Safari/537.36"
::1 - - [Sat, 07 Jan 2017 19:41:35 GMT] "GET /public/css/main.css HTTP/1.1" 404 1204 "http://localhost:3000/vacations" "Mozilla/5.0 (Windows NT 10.0; WOW64) AppleWebKit/537.36 (KHTML, like Gecko) Chrome/54.0.2840.99 Safari/537.36"
::1 - - [Sat, 07 Jan 2017 19:41:38 GMT] "GET /set-currency/USD HTTP/1.1" 303 68 "http://localhost:3000/vacations" "Mozilla/5.0 (Windows NT 10.0; WOW64) AppleWebKit/537.36 (KHTML, like Gecko) Chrome/54.0.2840.99 Safari/537.36"
::1 - - [Sat, 07 Jan 2017 19:41:38 GMT] "GET /vacations HTTP/1.1" 200 2074 "http://localhost:3000/vacations" "Mozilla/5.0 (Windows NT 10.0; WOW64) AppleWebKit/537.36 (KHTML, like Gecko) Chrome/54.0.2840.99 Safari/537.36"
::1 - - [Sat, 07 Jan 2017 19:41:38 GMT] "GET /img/logo.png HTTP/1.1" 304 - "http://localhost:3000/vacations" "Mozilla/5.0 (Windows NT 10.0; WOW64) AppleWebKit/537.36 (KHTML, like Gecko) Chrome/54.0.2840.99 Safari/537.36"
::1 - - [Sat, 07 Jan 2017 19:41:38 GMT] "GET /public/css/main.css HTTP/1.1" 404 1204 "http://localhost:3000/vacations" "Mozilla/5.0 (Windows NT 10.0; WOW64) AppleWebKit/537.36 (KHTML, like Gecko) Chrome/54.0.2840.99 Safari/537.36"
::1 - - [Sat, 07 Jan 2017 19:41:39 GMT] "GET /set-currency/GBP HTTP/1.1" 303 68 "http://localhost:3000/vacations" "Mozilla/5.0 (Windows NT 10.0; WOW64) AppleWebKit/537.36 (KHTML, like Gecko) Chrome/54.0.2840.99 Safari/537.36"
::1 - - [Sat, 07 Jan 2017 19:41:39 GMT] "GET /vacations HTTP/1.1" 200 2074 "http://localhost:3000/vacations" "Mozilla/5.0 (Windows NT 10.0; WOW64) AppleWebKit/537.36 (KHTML, like Gecko) Chrome/54.0.2840.99 Safari/537.36"
::1 - - [Sat, 07 Jan 2017 19:41:39 GMT] "GET /img/logo.png HTTP/1.1" 304 - "http://localhost:3000/vacations" "Mozilla/5.0 (Windows NT 10.0; WOW64) AppleWebKit/537.36 (KHTML, like Gecko) Chrome/54.0.2840.99 Safari/537.36"
::1 - - [Sat, 07 Jan 2017 19:41:39 GMT] "GET /public/css/main.css HTTP/1.1" 404 1204 "http://localhost:3000/vacations" "Mozilla/5.0 (Windows NT 10.0; WOW64) AppleWebKit/537.36 (KHTML, like Gecko) Chrome/54.0.2840.99 Safari/537.36"
::1 - - [Sat, 07 Jan 2017 19:41:42 GMT] "GET /set-currency/USD HTTP/1.1" 303 68 "http://localhost:3000/vacations" "Mozilla/5.0 (Windows NT 10.0; WOW64) AppleWebKit/537.36 (KHTML, like Gecko) Chrome/54.0.2840.99 Safari/537.36"
::1 - - [Sat, 07 Jan 2017 19:41:42 GMT] "GET /vacations HTTP/1.1" 200 2074 "http://localhost:3000/vacations" "Mozilla/5.0 (Windows NT 10.0; WOW64) AppleWebKit/537.36 (KHTML, like Gecko) Chrome/54.0.2840.99 Safari/537.36"
::1 - - [Sat, 07 Jan 2017 19:41:42 GMT] "GET /img/logo.png HTTP/1.1" 304 - "http://localhost:3000/vacations" "Mozilla/5.0 (Windows NT 10.0; WOW64) AppleWebKit/537.36 (KHTML, like Gecko) Chrome/54.0.2840.99 Safari/537.36"
::1 - - [Sat, 07 Jan 2017 19:41:42 GMT] "GET /public/css/main.css HTTP/1.1" 404 1204 "http://localhost:3000/vacations" "Mozilla/5.0 (Windows NT 10.0; WOW64) AppleWebKit/537.36 (KHTML, like Gecko) Chrome/54.0.2840.99 Safari/537.36"
::1 - - [Sat, 07 Jan 2017 19:44:08 GMT] "GET /public/css/main.css HTTP/1.1" 404 1204 "http://localhost:3000/vacations" "Mozilla/5.0 (Windows NT 10.0; WOW64) AppleWebKit/537.36 (KHTML, like Gecko) Chrome/54.0.2840.99 Safari/537.36"
::1 - - [Sat, 07 Jan 2017 19:45:03 GMT] "GET /vacations HTTP/1.1" 200 2074 "-" "Mozilla/5.0 (Windows NT 10.0; WOW64) AppleWebKit/537.36 (KHTML, like Gecko) Chrome/54.0.2840.99 Safari/537.36"
::1 - - [Sat, 07 Jan 2017 19:45:03 GMT] "GET /public/css/main.css HTTP/1.1" 404 1204 "http://localhost:3000/vacations" "Mozilla/5.0 (Windows NT 10.0; WOW64) AppleWebKit/537.36 (KHTML, like Gecko) Chrome/54.0.2840.99 Safari/537.36"
::1 - - [Sat, 07 Jan 2017 19:45:03 GMT] "GET /img/logo.png HTTP/1.1" 200 2698 "http://localhost:3000/vacations" "Mozilla/5.0 (Windows NT 10.0; WOW64) AppleWebKit/537.36 (KHTML, like Gecko) Chrome/54.0.2840.99 Safari/537.36"
::1 - - [Sat, 07 Jan 2017 19:45:03 GMT] "GET /public/css/main.css HTTP/1.1" 404 1204 "http://localhost:3000/vacations" "Mozilla/5.0 (Windows NT 10.0; WOW64) AppleWebKit/537.36 (KHTML, like Gecko) Chrome/54.0.2840.99 Safari/537.36"
::1 - - [Sat, 07 Jan 2017 19:51:58 GMT] "GET /vacations HTTP/1.1" 304 - "-" "Mozilla/5.0 (Windows NT 10.0; WOW64) AppleWebKit/537.36 (KHTML, like Gecko) Chrome/54.0.2840.99 Safari/537.36"
::1 - - [Sat, 07 Jan 2017 19:51:58 GMT] "GET /public/css/main.css HTTP/1.1" 404 1204 "http://localhost:3000/vacations" "Mozilla/5.0 (Windows NT 10.0; WOW64) AppleWebKit/537.36 (KHTML, like Gecko) Chrome/54.0.2840.99 Safari/537.36"
::1 - - [Sat, 07 Jan 2017 19:51:58 GMT] "GET /img/logo.png HTTP/1.1" 304 - "http://localhost:3000/vacations" "Mozilla/5.0 (Windows NT 10.0; WOW64) AppleWebKit/537.36 (KHTML, like Gecko) Chrome/54.0.2840.99 Safari/537.36"
::1 - - [Sat, 07 Jan 2017 19:52:19 GMT] "GET /vacations HTTP/1.1" 200 2074 "-" "Mozilla/5.0 (Windows NT 10.0; WOW64) AppleWebKit/537.36 (KHTML, like Gecko) Chrome/54.0.2840.99 Safari/537.36"
::1 - - [Sat, 07 Jan 2017 19:52:19 GMT] "GET /public/css/main.css HTTP/1.1" 404 1204 "http://localhost:3000/vacations" "Mozilla/5.0 (Windows NT 10.0; WOW64) AppleWebKit/537.36 (KHTML, like Gecko) Chrome/54.0.2840.99 Safari/537.36"
::1 - - [Sat, 07 Jan 2017 19:52:19 GMT] "GET /img/logo.png HTTP/1.1" 200 2698 "http://localhost:3000/vacations" "Mozilla/5.0 (Windows NT 10.0; WOW64) AppleWebKit/537.36 (KHTML, like Gecko) Chrome/54.0.2840.99 Safari/537.36"
::1 - - [Sat, 07 Jan 2017 19:52:19 GMT] "GET /public/css/main.css HTTP/1.1" 404 1204 "http://localhost:3000/vacations" "Mozilla/5.0 (Windows NT 10.0; WOW64) AppleWebKit/537.36 (KHTML, like Gecko) Chrome/54.0.2840.99 Safari/537.36"
::1 - - [Sat, 07 Jan 2017 19:53:09 GMT] "GET /vacations HTTP/1.1" 200 2067 "-" "Mozilla/5.0 (Windows NT 10.0; WOW64) AppleWebKit/537.36 (KHTML, like Gecko) Chrome/54.0.2840.99 Safari/537.36"
::1 - - [Sat, 07 Jan 2017 19:53:09 GMT] "GET /img/logo.png HTTP/1.1" 304 - "http://localhost:3000/vacations" "Mozilla/5.0 (Windows NT 10.0; WOW64) AppleWebKit/537.36 (KHTML, like Gecko) Chrome/54.0.2840.99 Safari/537.36"
::1 - - [Sat, 07 Jan 2017 19:53:09 GMT] "GET /css/main.css HTTP/1.1" 200 304 "http://localhost:3000/vacations" "Mozilla/5.0 (Windows NT 10.0; WOW64) AppleWebKit/537.36 (KHTML, like Gecko) Chrome/54.0.2840.99 Safari/537.36"
::1 - - [Sat, 07 Jan 2017 19:55:19 GMT] "GET /set-currency/GBP HTTP/1.1" 303 68 "http://localhost:3000/vacations" "Mozilla/5.0 (Windows NT 10.0; WOW64) AppleWebKit/537.36 (KHTML, like Gecko) Chrome/54.0.2840.99 Safari/537.36"
::1 - - [Sat, 07 Jan 2017 19:55:19 GMT] "GET /vacations HTTP/1.1" 200 2067 "http://localhost:3000/vacations" "Mozilla/5.0 (Windows NT 10.0; WOW64) AppleWebKit/537.36 (KHTML, like Gecko) Chrome/54.0.2840.99 Safari/537.36"
::1 - - [Sat, 07 Jan 2017 19:55:19 GMT] "GET /css/main.css HTTP/1.1" 304 - "http://localhost:3000/vacations" "Mozilla/5.0 (Windows NT 10.0; WOW64) AppleWebKit/537.36 (KHTML, like Gecko) Chrome/54.0.2840.99 Safari/537.36"
::1 - - [Sat, 07 Jan 2017 19:55:19 GMT] "GET /img/logo.png HTTP/1.1" 304 - "http://localhost:3000/vacations" "Mozilla/5.0 (Windows NT 10.0; WOW64) AppleWebKit/537.36 (KHTML, like Gecko) Chrome/54.0.2840.99 Safari/537.36"
::1 - - [Sat, 07 Jan 2017 19:55:23 GMT] "GET /vacations HTTP/1.1" 304 - "-" "Mozilla/5.0 (Windows NT 10.0; WOW64) AppleWebKit/537.36 (KHTML, like Gecko) Chrome/54.0.2840.99 Safari/537.36"
::1 - - [Sat, 07 Jan 2017 19:55:23 GMT] "GET /css/main.css HTTP/1.1" 304 - "http://localhost:3000/vacations" "Mozilla/5.0 (Windows NT 10.0; WOW64) AppleWebKit/537.36 (KHTML, like Gecko) Chrome/54.0.2840.99 Safari/537.36"
::1 - - [Sat, 07 Jan 2017 19:55:23 GMT] "GET /img/logo.png HTTP/1.1" 304 - "http://localhost:3000/vacations" "Mozilla/5.0 (Windows NT 10.0; WOW64) AppleWebKit/537.36 (KHTML, like Gecko) Chrome/54.0.2840.99 Safari/537.36"
::1 - - [Sat, 07 Jan 2017 19:55:47 GMT] "GET /vacations HTTP/1.1" 304 - "-" "Mozilla/5.0 (Windows NT 10.0; WOW64) AppleWebKit/537.36 (KHTML, like Gecko) Chrome/54.0.2840.99 Safari/537.36"
::1 - - [Sat, 07 Jan 2017 19:55:47 GMT] "GET /css/main.css HTTP/1.1" 304 - "http://localhost:3000/vacations" "Mozilla/5.0 (Windows NT 10.0; WOW64) AppleWebKit/537.36 (KHTML, like Gecko) Chrome/54.0.2840.99 Safari/537.36"
::1 - - [Sat, 07 Jan 2017 19:55:47 GMT] "GET /img/logo.png HTTP/1.1" 304 - "http://localhost:3000/vacations" "Mozilla/5.0 (Windows NT 10.0; WOW64) AppleWebKit/537.36 (KHTML, like Gecko) Chrome/54.0.2840.99 Safari/537.36"
